<?xml version="1.0" encoding="UTF-8"?>
<!-- Generated by org.testng.reporters.JUnitReportReporter -->
<testsuite skipped="0" hostname="MSI" name="com.debdatta.TestNGMavenTest" tests="2" failures="0" timestamp="2021-09-04T20:23:06 EDT" time="3.712" errors="0">
  <testcase name="salesforceLogin" time="1.920" classname="com.debdatta.TestNGMavenTest"/>
  <system-out/>
  <testcase name="salesforceLogin" time="1.792" classname="com.debdatta.TestNGMavenTest"/>
  <system-out/>
</testsuite> <!-- com.debdatta.TestNGMavenTest -->
