<?xml version="1.0" encoding="UTF-8"?>
<!-- Generated by org.testng.reporters.JUnitReportReporter -->
<testsuite skipped="0" hostname="MSI" name="com.debdatta.ExtendReportTestNG" tests="2" failures="0" timestamp="2021-09-04T20:23:06 EDT" time="19.784" errors="0">
  <testcase name="test2" time="14.684" classname="com.debdatta.ExtendReportTestNG"/>
  <system-out/>
  <testcase name="test1" time="5.100" classname="com.debdatta.ExtendReportTestNG"/>
  <system-out/>
</testsuite> <!-- com.debdatta.ExtendReportTestNG -->
